<?xml version="1.0" encoding="UTF-8"?>
<!-- Generated by org.testng.reporters.JUnitReportReporter -->
<testsuite hostname="LIN-D2BMBK3" failures="0" tests="1" name="com.cucumber.CucumberTestRunner" time="11.851" errors="0" timestamp="2025-04-05T18:28:04 IST" skipped="0">
  <testcase classname="com.cucumber.CucumberTestRunner" name="runScenario" time="11.851"/>
</testsuite> <!-- com.cucumber.CucumberTestRunner -->
