<?xml version="1.0" encoding="UTF-8"?>
<!-- Generated by org.testng.reporters.JUnitReportReporter -->
<testsuite hostname="LIN-D2BMBK3" failures="0" tests="3" name="AutomationTestingFrameworkDesign.PracticeStandAloneApplication" time="25.583" errors="0" timestamp="2025-04-05T17:11:01 IST" skipped="0">
  <testcase classname="AutomationTestingFrameworkDesign.PracticeStandAloneApplication" name="submitOrder" time="10.372"/>
  <testcase classname="AutomationTestingFrameworkDesign.PracticeStandAloneApplication" name="orderHistoryTest" time="4.995"/>
  <testcase classname="AutomationTestingFrameworkDesign.PracticeStandAloneApplication" name="submitOrder" time="10.216"/>
</testsuite> <!-- AutomationTestingFrameworkDesign.PracticeStandAloneApplication -->
