<?xml version="1.0" encoding="UTF-8"?>
<!-- Generated by org.testng.reporters.JUnitReportReporter -->
<testsuite hostname="LIN-D2BMBK3" failures="0" tests="1" name="AutomationTestingFrameworkDesign.ErrorValidatation" time="5.527" errors="0" timestamp="2025-03-25T16:05:48 IST" skipped="0">
  <testcase classname="AutomationTestingFrameworkDesign.ErrorValidatation" name="submitOrder" time="5.527"/>
  <system-out/>
</testsuite> <!-- AutomationTestingFrameworkDesign.ErrorValidatation -->
